Using pre-set license
Built from '2021.1/staging' branch; Version is '2021.1.3f1 (4bef613afd59) revision 4976481'; Using compiler version '192528614'; Build Type 'Release'
OS: 'Windows 10 Home Single Language; OS build 19043.1288; Version 2009; 64bit' Language: 'hu' Physical Memory: 16239 MB
BatchMode: 1, IsHumanControllingUs: 0, StartBugReporterOnCrash: 0, Is64bit: 1, IsPro: 0

 COMMAND LINE ARGUMENTS:
E:\unityhub\2021.1.3f1\Editor\Unity.exe
-adb2
-batchMode
-noUpm
-name
AssetImportWorker0
-projectPath
E:/Davaronas/Unity project/Projekt/Projekt/Projekt/Prog2Projekt
-logFile
Logs/AssetImportWorker0.log
-srvPort
51188
Successfully changed project path to: E:/Davaronas/Unity project/Projekt/Projekt/Projekt/Prog2Projekt
E:/Davaronas/Unity project/Projekt/Projekt/Projekt/Prog2Projekt
Using Asset Import Pipeline V2.
Refreshing native plugins compatible for Editor in 112.53 ms, found 1 plugins.
Preloading 0 native plugins for Editor in 0.00 ms.
Initialize engine version: 2021.1.3f1 (4bef613afd59)
[Subsystems] Discovering subsystems at path E:/unityhub/2021.1.3f1/Editor/Data/Resources/UnitySubsystems
[Subsystems] Discovering subsystems at path E:/Davaronas/Unity project/Projekt/Projekt/Projekt/Prog2Projekt/Assets
GfxDevice: creating device client; threaded=0; jobified=0
Direct3D:
    Version:  Direct3D 11.0 [level 11.1]
    Renderer: NVIDIA GeForce GTX 970 (ID=0x13c2)
    Vendor:   NVIDIA
    VRAM:     4043 MB
    Driver:   30.0.14.7196
Shader 'Universal Render Pipeline/Particles/Lit': fallback shader 'Universal Render Pipeline/Particles/SimpleLit' not found
Initialize mono
Mono path[0] = 'E:/unityhub/2021.1.3f1/Editor/Data/Managed'
Mono path[1] = 'E:/unityhub/2021.1.3f1/Editor/Data/MonoBleedingEdge/lib/mono/unityjit'
Mono config path = 'E:/unityhub/2021.1.3f1/Editor/Data/MonoBleedingEdge/etc'
Using monoOptions --debugger-agent=transport=dt_socket,embedding=1,server=y,suspend=n,address=127.0.0.1:56924
Begin MonoManager ReloadAssembly
Registering precompiled unity dll's ...
Register platform support module: E:/unityhub/2021.1.3f1/Editor/Data/PlaybackEngines/WindowsStandaloneSupport/UnityEditor.WindowsStandalone.Extensions.dll
Registered in 0.000971 seconds.
Native extension for WindowsStandalone target not found
Refreshing native plugins compatible for Editor in 120.48 ms, found 1 plugins.
Preloading 0 native plugins for Editor in 0.00 ms.
Mono: successfully reloaded assembly
- Completed reload, in  1.529 seconds
Platform modules already initialized, skipping
Registering precompiled user dll's ...
Registered in 0.003802 seconds.
Begin MonoManager ReloadAssembly
Native extension for WindowsStandalone target not found
Refreshing native plugins compatible for Editor in 138.57 ms, found 1 plugins.
Preloading 0 native plugins for Editor in 0.00 ms.
Mono: successfully reloaded assembly
- Completed reload, in  2.111 seconds
Platform modules already initialized, skipping
========================================================================
Worker process is ready to serve import requests
Shader 'Universal Render Pipeline/Particles/Lit': fallback shader 'Universal Render Pipeline/Particles/SimpleLit' not found
Launched and connected shader compiler UnityShaderCompiler.exe after 0.05 seconds
Refreshing native plugins compatible for Editor in 0.76 ms, found 1 plugins.
Preloading 0 native plugins for Editor in 0.00 ms.
Unloading 4294 Unused Serialized files (Serialized files now loaded: 0)
System memory in use before: 172.6 MB.
System memory in use after: 170.0 MB.

Unloading 50 unused Assets to reduce memory usage. Loaded Objects now: 4717.
Total: 5.301200 ms (FindLiveObjects: 0.537200 ms CreateObjectMapping: 0.420500 ms MarkObjects: 3.070300 ms  DeleteObjects: 1.272200 ms)

========================================================================
Received Import Request.
  path: Assets/Presentation/humanoidrobots.PNG
  artifactKey: Guid(93785e0f5644d27429128c29c5f65745) Importer(815301076,1909f56bfc062723c751e8b465ee728b)
Start importing Assets/Presentation/humanoidrobots.PNG using Guid(93785e0f5644d27429128c29c5f65745) Importer(815301076,1909f56bfc062723c751e8b465ee728b)  -> (artifact id: '3b10e73f2eb427503cb276ea761a2a16') in 0.283850 seconds 
========================================================================
Received Import Request.
  Time since last request: 0.000302 seconds.
  path: Assets/Presentation
  artifactKey: Guid(a61088411e100324d9eb40869b83e43d) Importer(815301076,1909f56bfc062723c751e8b465ee728b)
Start importing Assets/Presentation using Guid(a61088411e100324d9eb40869b83e43d) Importer(815301076,1909f56bfc062723c751e8b465ee728b)  -> (artifact id: '9f673cb9132ad63fd4d259c1205ecb1d') in 0.001454 seconds 
========================================================================
Received Import Request.
  Time since last request: 0.000281 seconds.
  path: Assets/Presentation/IKtesting.PNG
  artifactKey: Guid(5e85de8aac5766840a3cd22094ebad4f) Importer(815301076,1909f56bfc062723c751e8b465ee728b)
Start importing Assets/Presentation/IKtesting.PNG using Guid(5e85de8aac5766840a3cd22094ebad4f) Importer(815301076,1909f56bfc062723c751e8b465ee728b)  -> (artifact id: '12052b76cfb1dd97c75771600cbe41aa') in 0.007097 seconds 
========================================================================
Received Import Request.
  Time since last request: 41.874659 seconds.
  path: Assets/Scenes/Menu.unity
  artifactKey: Guid(a833be9939b2f7c438bac971d997247f) Importer(815301076,1909f56bfc062723c751e8b465ee728b)
Start importing Assets/Scenes/Menu.unity using Guid(a833be9939b2f7c438bac971d997247f) Importer(815301076,1909f56bfc062723c751e8b465ee728b)  -> (artifact id: '6c6dd2daece68d39a82dcfa0bd2f020a') in 0.002373 seconds 
========================================================================
Received Import Request.
  Time since last request: 122.376127 seconds.
  path: Assets/Scenes/SampleScene.unity
  artifactKey: Guid(d1c3109bdb54ad54c8a2b2838528e640) Importer(815301076,1909f56bfc062723c751e8b465ee728b)
Start importing Assets/Scenes/SampleScene.unity using Guid(d1c3109bdb54ad54c8a2b2838528e640) Importer(815301076,1909f56bfc062723c751e8b465ee728b)  -> (artifact id: '475e5fb5742ba0dcba3c811f0cd69375') in 0.002311 seconds 
========================================================================
Received Prepare
Registering precompiled user dll's ...
Registered in 0.003024 seconds.
Begin MonoManager ReloadAssembly
Native extension for WindowsStandalone target not found
Refreshing native plugins compatible for Editor in 0.83 ms, found 1 plugins.
Preloading 0 native plugins for Editor in 0.00 ms.
Mono: successfully reloaded assembly
- Completed reload, in  1.329 seconds
Platform modules already initialized, skipping
Shader 'Universal Render Pipeline/Particles/Lit': fallback shader 'Universal Render Pipeline/Particles/SimpleLit' not found
Refreshing native plugins compatible for Editor in 1.02 ms, found 1 plugins.
Preloading 0 native plugins for Editor in 0.00 ms.
Unloading 4220 Unused Serialized files (Serialized files now loaded: 0)
System memory in use before: 172.4 MB.
System memory in use after: 169.9 MB.

Unloading 45 unused Assets to reduce memory usage. Loaded Objects now: 4752.
Total: 4.988300 ms (FindLiveObjects: 0.418600 ms CreateObjectMapping: 0.212600 ms MarkObjects: 3.128700 ms  DeleteObjects: 1.226400 ms)

========================================================================
Received Import Request.
  Time since last request: 189.644748 seconds.
  path: Assets/Prefabs/Enemies/HumanoidRobot_weak.prefab
  artifactKey: Guid(6f8b63464d965e64c8084004770dba67) Importer(815301076,1909f56bfc062723c751e8b465ee728b)
Start importing Assets/Prefabs/Enemies/HumanoidRobot_weak.prefab using Guid(6f8b63464d965e64c8084004770dba67) Importer(815301076,1909f56bfc062723c751e8b465ee728b)  -> (artifact id: '671acc36890f41330e7955de9e8150d1') in 0.284318 seconds 
========================================================================
Received Import Request.
  Time since last request: 5.410218 seconds.
  path: Assets/Prefabs/Enemies/HumanoidRobot3.prefab
  artifactKey: Guid(66fea71a1f344a84ea6645718e308648) Importer(815301076,1909f56bfc062723c751e8b465ee728b)
Start importing Assets/Prefabs/Enemies/HumanoidRobot3.prefab using Guid(66fea71a1f344a84ea6645718e308648) Importer(815301076,1909f56bfc062723c751e8b465ee728b)  -> (artifact id: '377545b60227c57fc4f66cb8fff7f640') in 0.062427 seconds 
========================================================================
Received Import Request.
  Time since last request: 5.862393 seconds.
  path: Assets/Prefabs/Enemies/HumanoidRobot2.prefab
  artifactKey: Guid(da7b26aafe29a024ca907f405e99d8ac) Importer(815301076,1909f56bfc062723c751e8b465ee728b)
Start importing Assets/Prefabs/Enemies/HumanoidRobot2.prefab using Guid(da7b26aafe29a024ca907f405e99d8ac) Importer(815301076,1909f56bfc062723c751e8b465ee728b)  -> (artifact id: '53a08e9b01cfc9afee78fbe36e521b1f') in 0.061961 seconds 
========================================================================
Received Import Request.
  Time since last request: 4.581752 seconds.
  path: Assets/Prefabs/Enemies/HumanoidRobot.prefab
  artifactKey: Guid(9fb23a7f689d2bf44b3d6d197a6299f8) Importer(815301076,1909f56bfc062723c751e8b465ee728b)
Start importing Assets/Prefabs/Enemies/HumanoidRobot.prefab using Guid(9fb23a7f689d2bf44b3d6d197a6299f8) Importer(815301076,1909f56bfc062723c751e8b465ee728b)  -> (artifact id: '8e75af1af19afb0501837ba2e9b6c8b4') in 0.038876 seconds 
AssetImportWorkerClient::OnTransportError - code=2 error=End of file
